<?xml version="1.0" encoding="utf-8"?>
<shfbBuild product="Sandcastle Help File Builder and Tools" version="2026.3.29.0" projectFile="C:\Users\eliot\source\repos\MediaTek86_Projet\MediaTek86_Projet\documentation\MediaTek86_Projet_Doc.shfbproj" started="5/28/2026 7:17:56 PM">
<buildStep step="Initializing">
The Sandcastle tools are located in &#39;C:\Program Files (x86)\EWSoftware\Sandcastle Help File Builder&#39;
Locating components in the following folder(s):
    C:\Users\eliot\source\repos\MediaTek86_Projet\MediaTek86_Projet\documentation
    C:\ProgramData\EWSoftware\Sandcastle Help File Builder\Components and Plug-Ins
    C:\Program Files (x86)\EWSoftware\Sandcastle Help File Builder\Components
Using framework reflection data for &#39;.NET Framework 4.7.2&#39; located in &#39;C:\Program Files (x86)\EWSoftware\Sandcastle Help File Builder\Data\.NETFramework&#39;
Using presentation style &#39;Themed2026&#39; located in &#39;C:\Program Files (x86)\EWSoftware\Sandcastle Help File Builder\Components\Themed2026&#39;
Loading and initializing plug-ins...
Compact Table of Contents Generator Version 2026.3.29.0
Copyright &#169; 2006-2026, Eric Woodruff, All Rights Reserved
-------------------------------
Clearing any prior web/markdown output...
</buildStep>
<buildStep step="ValidatingDocumentationSources">
Validating and copying documentation source information
Source: C:\Users\eliot\source\repos\MediaTek86_Projet\MediaTek86_Projet\bin\Debug\MediaTek86_Projet.exe
    Found assembly &#39;C:\Users\eliot\source\repos\MediaTek86_Projet\MediaTek86_Projet\bin\Debug\MediaTek86_Projet.exe&#39;
Source: C:\Users\eliot\source\repos\MediaTek86_Projet\MediaTek86_Projet\bin\Debug\MediaTek86_Projet.xml

Copying XML comments files
    C:\Users\eliot\source\repos\MediaTek86_Projet\MediaTek86_Projet\bin\Debug\MediaTek86_Projet.xml -&gt; C:\Users\eliot\source\repos\MediaTek86_Projet\MediaTek86_Projet\documentation\Help\Working\MediaTek86_Projet.xml
</buildStep>
<buildStep step="GenerateSharedContent">
Generating shared content files (en-US, English (United States))...
    Last step completed in 00:00:00.0045
</buildStep>
<buildStep step="GenerateApiFilter">
Generating API filter for MRefBuilder...
    Last step completed in 00:00:00.0145
</buildStep>
<buildStep step="GenerateReflectionInfo">
Generating reflection information...
[C:\Program Files\Microsoft Visual Studio\2022\Community\MSBuild\Current\Bin\amd64\MSBuild.exe - GenerateRefInfo-cc1f747b-1e9e-4eb3-8b8b-466c3daaafbe.proj]
Build started 5/28/2026 7:18:01 PM.

Project &quot;C:\Users\eliot\source\repos\MediaTek86_Projet\MediaTek86_Projet\documentation\Help\Working\GenerateRefInfo-cc1f747b-1e9e-4eb3-8b8b-466c3daaafbe.proj&quot; on node 1 (default targets).
PrepareForBuild:
  Creating directory &quot;obj\Debug\&quot;.
GenerateRefInfo:
  Microsoft.Build (v17.14.40+3e744208875e56e4bf0bc22c40a1c431fb150987)
  &#184; Microsoft Corporation. All rights reserved.
  No source code context base path specified.  Source context information is unavailable.
  Loaded 1 assemblies for reflection and 1 dependency assemblies.
  Using framework redirect &#39;System.Windows.Forms, Version=4.0.0.0, Culture=neutral, PublicKeyToken=b77a5c561934e089&#39; in place of &#39;System.Windows.Forms, Version=4.0.0.0, Culture=neutral, PublicKeyToken=b77a5c561934e089&#39;
  Using framework redirect &#39;System, Version=4.0.0.0, Culture=neutral, PublicKeyToken=b77a5c561934e089&#39; in place of &#39;System, Version=4.0.0.0, Culture=neutral, PublicKeyToken=b77a5c561934e089&#39;
  Using framework redirect &#39;System.Data, Version=4.0.0.0, Culture=neutral, PublicKeyToken=b77a5c561934e089&#39; in place of &#39;System.Data, Version=4.0.0.0, Culture=neutral, PublicKeyToken=b77a5c561934e089&#39;
  Using framework redirect &#39;System.Drawing, Version=4.0.0.0, Culture=neutral, PublicKeyToken=b03f5f7f11d50a3a&#39; in place of &#39;System.Drawing, Version=4.0.0.0, Culture=neutral, PublicKeyToken=b03f5f7f11d50a3a&#39;
  Using framework redirect &#39;Accessibility, Version=4.0.0.0, Culture=neutral, PublicKeyToken=b03f5f7f11d50a3a&#39; in place of &#39;Accessibility, Version=4.0.0.0, Culture=neutral, PublicKeyToken=b03f5f7f11d50a3a&#39;
  Wrote information on 6 namespaces, 16 types, and 57 members
  Merging duplicate type and member information
  Merged 0 duplicate type(s) and 0 duplicate member(s)
Done Building Project &quot;C:\Users\eliot\source\repos\MediaTek86_Projet\MediaTek86_Projet\documentation\Help\Working\GenerateRefInfo-cc1f747b-1e9e-4eb3-8b8b-466c3daaafbe.proj&quot; (default targets).
    Last step completed in 00:00:02.0031
</buildStep>
<buildStep step="ApplyDocumentModel">
Applying document model to reflection output...
    Last step completed in 00:00:00.2977
</buildStep>
<buildStep step="AddApiTopicFilenames">
Adding topic filenames to API members...
    Last step completed in 00:00:00.2876
</buildStep>
<buildStep step="GenerateApiTopicManifest">
Generating API topic manifest...
    Last step completed in 00:00:00.3031
</buildStep>
<buildStep step="GenerateNamespaceSummaries">
Generating namespace summary information...
    Last step completed in 00:00:00.0667
</buildStep>
<buildStep step="CopyAdditionalContent">
Copying additional content files...
No additional content to copy
    Last step completed in 00:00:00.0020
</buildStep>
<buildStep step="MergeTablesOfContents">
Merging conceptual and additional tables of contents...
    Last step completed in 00:00:00.0000
</buildStep>
<buildStep step="GenerateIntermediateTableOfContents">
Generating intermediate table of contents file for API content...
Generating conceptual content intermediate TOC file...
    Last step completed in 00:00:00.0733
</buildStep>
<buildStep step="CreateBuildAssemblerConfigs">
Creating Sandcastle configuration files...
    Last step completed in 00:00:00.4722
</buildStep>
<buildStep step="CombiningIntermediateTocFiles">
Combining conceptual and API intermediate TOC files...
    Last step completed in 00:00:00.0306
</buildStep>
<buildStep step="MergeCustomConfigs">
Merging custom build component configurations
C:\Users\eliot\source\repos\MediaTek86_Projet\MediaTek86_Projet\documentation\Help\Working\BuildAssembler.config
  Updating reference topic configurations.
  No conceptual content.  Removing conceptual content components.
    Last step completed in 00:00:00.0237
</buildStep>
<buildStep step="BuildTopics">
Building help topics...
<plugIn name="Compact Table of Contents Generator" behavior="Before" priority="1000">
Loading table of contents info for client-side TOC
</plugIn>Loading configuration...
Processing topics...
SHFB: Warning BE0066: ShowMissingComponent: [N:MediaTek86_Projet.bddmanager] Missing &lt;summary&gt; documentation
SHFB: Warning BE0066: ShowMissingComponent: [N:MediaTek86_Projet.Controleur] Missing &lt;summary&gt; documentation
SHFB: Warning BE0066: ShowMissingComponent: [M:MediaTek86_Projet.Controleur.ControleAbsence.AbsenceChevauche(MediaTek86_Projet.Modele.Absence)] Missing &lt;returns&gt; documentation
SHFB: Warning BE0066: ShowMissingComponent: [M:MediaTek86_Projet.Controleur.ControleAbsence.AbsenceChevauche(MediaTek86_Projet.Modele.Absence)] Missing &lt;param name=&quot;absence&quot;/&gt; documentation
SHFB: Warning BE0066: ShowMissingComponent: [M:MediaTek86_Projet.Controleur.ControleAbsence.AbsenceChevaucheModification(MediaTek86_Projet.Modele.Absence,MediaTek86_Projet.Modele.Absence)] Missing &lt;returns&gt; documentation
SHFB: Warning BE0066: ShowMissingComponent: [M:MediaTek86_Projet.Controleur.ControleAbsence.AbsenceChevaucheModification(MediaTek86_Projet.Modele.Absence,MediaTek86_Projet.Modele.Absence)] Missing &lt;param name=&quot;ancienneAbsence&quot;/&gt; documentation
SHFB: Warning BE0066: ShowMissingComponent: [M:MediaTek86_Projet.Controleur.ControleAbsence.AbsenceChevaucheModification(MediaTek86_Projet.Modele.Absence,MediaTek86_Projet.Modele.Absence)] Missing &lt;param name=&quot;absence&quot;/&gt; documentation
SHFB: Warning BE0066: ShowMissingComponent: [M:MediaTek86_Projet.Controleur.ControleAbsence.AjouterAbsence(MediaTek86_Projet.Modele.Absence)] Missing &lt;param name=&quot;absence&quot;/&gt; documentation
SHFB: Warning BE0066: ShowMissingComponent: [M:MediaTek86_Projet.Controleur.ControleAbsence.GetLesAbsences(System.Int32)] Missing &lt;returns&gt; documentation
SHFB: Warning BE0066: ShowMissingComponent: [M:MediaTek86_Projet.Controleur.ControleAbsence.GetLesAbsences(System.Int32)] Missing &lt;param name=&quot;idpersonnel&quot;/&gt; documentation
SHFB: Warning BE0066: ShowMissingComponent: [M:MediaTek86_Projet.Controleur.ControleAbsence.GetLesMotifs] Missing &lt;returns&gt; documentation
SHFB: Warning BE0066: ShowMissingComponent: [M:MediaTek86_Projet.Controleur.ControleAbsence.ModifierAbsence(MediaTek86_Projet.Modele.Absence,MediaTek86_Projet.Modele.Absence)] Missing &lt;param name=&quot;ancienneAbsence&quot;/&gt; documentation
SHFB: Warning BE0066: ShowMissingComponent: [M:MediaTek86_Projet.Controleur.ControleAbsence.ModifierAbsence(MediaTek86_Projet.Modele.Absence,MediaTek86_Projet.Modele.Absence)] Missing &lt;param name=&quot;absence&quot;/&gt; documentation
SHFB: Warning BE0066: ShowMissingComponent: [M:MediaTek86_Projet.Controleur.ControleAbsence.SupprimerAbsence(MediaTek86_Projet.Modele.Absence)] Missing &lt;param name=&quot;absence&quot;/&gt; documentation
SHFB: Warning BE0066: ShowMissingComponent: [M:MediaTek86_Projet.Controleur.ControleConnexion.ControleAuthentification(System.String,System.String)] Missing &lt;returns&gt; documentation
SHFB: Warning BE0066: ShowMissingComponent: [M:MediaTek86_Projet.Controleur.ControleConnexion.ControleAuthentification(System.String,System.String)] Missing &lt;param name=&quot;login&quot;/&gt; documentation
SHFB: Warning BE0066: ShowMissingComponent: [M:MediaTek86_Projet.Controleur.ControleConnexion.ControleAuthentification(System.String,System.String)] Missing &lt;param name=&quot;pwd&quot;/&gt; documentation
SHFB: Warning BE0066: ShowMissingComponent: [M:MediaTek86_Projet.Controleur.ControlePersonnel.AjouterPersonnel(MediaTek86_Projet.Modele.Personnel)] Missing &lt;param name=&quot;personnel&quot;/&gt; documentation
SHFB: Warning BE0066: ShowMissingComponent: [M:MediaTek86_Projet.Controleur.ControlePersonnel.GetLesPersonnels] Missing &lt;returns&gt; documentation
SHFB: Warning BE0066: ShowMissingComponent: [M:MediaTek86_Projet.Controleur.ControlePersonnel.GetLesServices] Missing &lt;returns&gt; documentation
SHFB: Warning BE0066: ShowMissingComponent: [M:MediaTek86_Projet.Controleur.ControlePersonnel.ModifierPersonnel(MediaTek86_Projet.Modele.Personnel)] Missing &lt;param name=&quot;personnel&quot;/&gt; documentation
SHFB: Warning BE0066: ShowMissingComponent: [M:MediaTek86_Projet.Controleur.ControlePersonnel.SupprimerPersonnel(MediaTek86_Projet.Modele.Personnel)] Missing &lt;param name=&quot;personnel&quot;/&gt; documentation
SHFB: Warning BE0066: ShowMissingComponent: [N:MediaTek86_Projet.dal] Missing &lt;summary&gt; documentation
SHFB: Warning BE0066: ShowMissingComponent: [M:MediaTek86_Projet.dal.Access.GetInstance] Missing &lt;returns&gt; documentation
SHFB: Warning BE0066: ShowMissingComponent: [N:MediaTek86_Projet.Modele] Missing &lt;summary&gt; documentation
SHFB: Warning BE0066: ShowMissingComponent: [M:MediaTek86_Projet.Modele.Absence.#ctor(System.Int32,System.DateTime,System.DateTime,System.Int32)] Missing &lt;param name=&quot;idpersonnel&quot;/&gt; documentation
SHFB: Warning BE0066: ShowMissingComponent: [M:MediaTek86_Projet.Modele.Absence.#ctor(System.Int32,System.DateTime,System.DateTime,System.Int32)] Missing &lt;param name=&quot;datedebut&quot;/&gt; documentation
SHFB: Warning BE0066: ShowMissingComponent: [M:MediaTek86_Projet.Modele.Absence.#ctor(System.Int32,System.DateTime,System.DateTime,System.Int32)] Missing &lt;param name=&quot;datefin&quot;/&gt; documentation
SHFB: Warning BE0066: ShowMissingComponent: [M:MediaTek86_Projet.Modele.Absence.#ctor(System.Int32,System.DateTime,System.DateTime,System.Int32)] Missing &lt;param name=&quot;idmotif&quot;/&gt; documentation
SHFB: Warning BE0066: ShowMissingComponent: [M:MediaTek86_Projet.Modele.Motif.#ctor(System.Int32,System.String)] Missing &lt;param name=&quot;idmotif&quot;/&gt; documentation
SHFB: Warning BE0066: ShowMissingComponent: [M:MediaTek86_Projet.Modele.Motif.#ctor(System.Int32,System.String)] Missing &lt;param name=&quot;libelle&quot;/&gt; documentation
SHFB: Warning BE0066: ShowMissingComponent: [M:MediaTek86_Projet.Modele.Personnel.#ctor(System.Int32,System.String,System.String,System.String,System.String,System.Int32)] Missing &lt;param name=&quot;idpersonnel&quot;/&gt; documentation
SHFB: Warning BE0066: ShowMissingComponent: [M:MediaTek86_Projet.Modele.Personnel.#ctor(System.Int32,System.String,System.String,System.String,System.String,System.Int32)] Missing &lt;param name=&quot;nom&quot;/&gt; documentation
SHFB: Warning BE0066: ShowMissingComponent: [M:MediaTek86_Projet.Modele.Personnel.#ctor(System.Int32,System.String,System.String,System.String,System.String,System.Int32)] Missing &lt;param name=&quot;prenom&quot;/&gt; documentation
SHFB: Warning BE0066: ShowMissingComponent: [M:MediaTek86_Projet.Modele.Personnel.#ctor(System.Int32,System.String,System.String,System.String,System.String,System.Int32)] Missing &lt;param name=&quot;tel&quot;/&gt; documentation
SHFB: Warning BE0066: ShowMissingComponent: [M:MediaTek86_Projet.Modele.Personnel.#ctor(System.Int32,System.String,System.String,System.String,System.String,System.Int32)] Missing &lt;param name=&quot;mail&quot;/&gt; documentation
SHFB: Warning BE0066: ShowMissingComponent: [M:MediaTek86_Projet.Modele.Personnel.#ctor(System.Int32,System.String,System.String,System.String,System.String,System.Int32)] Missing &lt;param name=&quot;idservice&quot;/&gt; documentation
SHFB: Warning BE0066: ShowMissingComponent: [M:MediaTek86_Projet.Modele.Responsable.#ctor(System.String,System.String)] Missing &lt;param name=&quot;login&quot;/&gt; documentation
SHFB: Warning BE0066: ShowMissingComponent: [M:MediaTek86_Projet.Modele.Responsable.#ctor(System.String,System.String)] Missing &lt;param name=&quot;pwd&quot;/&gt; documentation
SHFB: Warning BE0066: ShowMissingComponent: [M:MediaTek86_Projet.Modele.Service.#ctor(System.Int32,System.String)] Missing &lt;param name=&quot;idservice&quot;/&gt; documentation
SHFB: Warning BE0066: ShowMissingComponent: [M:MediaTek86_Projet.Modele.Service.#ctor(System.Int32,System.String)] Missing &lt;param name=&quot;nom&quot;/&gt; documentation
SHFB: Warning BE0066: ShowMissingComponent: [N:MediaTek86_Projet.Vue] Missing &lt;summary&gt; documentation
SHFB: Warning BE0066: ShowMissingComponent: [M:MediaTek86_Projet.Vue.FrmAbsence.#ctor(MediaTek86_Projet.Modele.Personnel)] Missing &lt;param name=&quot;personnel&quot;/&gt; documentation
SHFB: Warning BE0066: ShowMissingComponent: [M:MediaTek86_Projet.Vue.FrmAbsence.#ctor(MediaTek86_Projet.Modele.Personnel,MediaTek86_Projet.Modele.Absence)] Missing &lt;param name=&quot;personnel&quot;/&gt; documentation
SHFB: Warning BE0066: ShowMissingComponent: [M:MediaTek86_Projet.Vue.FrmAbsence.#ctor(MediaTek86_Projet.Modele.Personnel,MediaTek86_Projet.Modele.Absence)] Missing &lt;param name=&quot;absence&quot;/&gt; documentation
SHFB: Warning BE0066: ShowMissingComponent: [M:MediaTek86_Projet.Vue.FrmAbsences.#ctor(MediaTek86_Projet.Modele.Personnel)] Missing &lt;param name=&quot;personnel&quot;/&gt; documentation
SHFB: Warning BE0066: ShowMissingComponent: [M:MediaTek86_Projet.Vue.FrmPersonnel.#ctor(MediaTek86_Projet.Modele.Personnel)] Missing &lt;param name=&quot;personnel&quot;/&gt; documentation
Processed 122 topic(s)
47 warning(s)
CopyFromIndexComponent: &quot;reflection&quot; in-memory cache entries used: 3 of 15.
CopyFromIndexComponent: &quot;comments&quot; in-memory cache entries used: 4 of 30.
<plugIn name="Compact Table of Contents Generator" behavior="After" priority="1000">
Generating website TOC information
</plugIn>    Last step completed in 00:00:08.7208
</buildStep>
<buildStep step="CopyStandardHelpContent">
Copying standard help content...
C:\Program Files (x86)\EWSoftware\Sandcastle Help File Builder\Components\Themed2026\css\brands.css -&gt; C:\Users\eliot\source\repos\MediaTek86_Projet\MediaTek86_Projet\documentation\Help\Working\Output\Website\css\brands.css
C:\Program Files (x86)\EWSoftware\Sandcastle Help File Builder\Components\Themed2026\css\brands.min.css -&gt; C:\Users\eliot\source\repos\MediaTek86_Projet\MediaTek86_Projet\documentation\Help\Working\Output\Website\css\brands.min.css
C:\Program Files (x86)\EWSoftware\Sandcastle Help File Builder\Components\Themed2026\css\bulma.css -&gt; C:\Users\eliot\source\repos\MediaTek86_Projet\MediaTek86_Projet\documentation\Help\Working\Output\Website\css\bulma.css
C:\Program Files (x86)\EWSoftware\Sandcastle Help File Builder\Components\Themed2026\css\bulma.min.css -&gt; C:\Users\eliot\source\repos\MediaTek86_Projet\MediaTek86_Projet\documentation\Help\Working\Output\Website\css\bulma.min.css
C:\Program Files (x86)\EWSoftware\Sandcastle Help File Builder\Components\Themed2026\css\fontawesome.css -&gt; C:\Users\eliot\source\repos\MediaTek86_Projet\MediaTek86_Projet\documentation\Help\Working\Output\Website\css\fontawesome.css
C:\Program Files (x86)\EWSoftware\Sandcastle Help File Builder\Components\Themed2026\css\fontawesome.min.css -&gt; C:\Users\eliot\source\repos\MediaTek86_Projet\MediaTek86_Projet\documentation\Help\Working\Output\Website\css\fontawesome.min.css
C:\Program Files (x86)\EWSoftware\Sandcastle Help File Builder\Components\Themed2026\css\ja-JP.css -&gt; C:\Users\eliot\source\repos\MediaTek86_Projet\MediaTek86_Projet\documentation\Help\Working\Output\Website\css\ja-JP.css
C:\Program Files (x86)\EWSoftware\Sandcastle Help File Builder\Components\Themed2026\css\ko-KR.css -&gt; C:\Users\eliot\source\repos\MediaTek86_Projet\MediaTek86_Projet\documentation\Help\Working\Output\Website\css\ko-KR.css
C:\Program Files (x86)\EWSoftware\Sandcastle Help File Builder\Components\Themed2026\css\presentationStyle.css -&gt; C:\Users\eliot\source\repos\MediaTek86_Projet\MediaTek86_Projet\documentation\Help\Working\Output\Website\css\presentationStyle.css
C:\Program Files (x86)\EWSoftware\Sandcastle Help File Builder\Components\Themed2026\css\regular.css -&gt; C:\Users\eliot\source\repos\MediaTek86_Projet\MediaTek86_Projet\documentation\Help\Working\Output\Website\css\regular.css
C:\Program Files (x86)\EWSoftware\Sandcastle Help File Builder\Components\Themed2026\css\regular.min.css -&gt; C:\Users\eliot\source\repos\MediaTek86_Projet\MediaTek86_Projet\documentation\Help\Working\Output\Website\css\regular.min.css
C:\Program Files (x86)\EWSoftware\Sandcastle Help File Builder\Components\Themed2026\css\solid.css -&gt; C:\Users\eliot\source\repos\MediaTek86_Projet\MediaTek86_Projet\documentation\Help\Working\Output\Website\css\solid.css
C:\Program Files (x86)\EWSoftware\Sandcastle Help File Builder\Components\Themed2026\css\solid.min.css -&gt; C:\Users\eliot\source\repos\MediaTek86_Projet\MediaTek86_Projet\documentation\Help\Working\Output\Website\css\solid.min.css
C:\Program Files (x86)\EWSoftware\Sandcastle Help File Builder\Components\Themed2026\css\zh-CN.css -&gt; C:\Users\eliot\source\repos\MediaTek86_Projet\MediaTek86_Projet\documentation\Help\Working\Output\Website\css\zh-CN.css
C:\Program Files (x86)\EWSoftware\Sandcastle Help File Builder\Components\Themed2026\css\zh-TW.css -&gt; C:\Users\eliot\source\repos\MediaTek86_Projet\MediaTek86_Projet\documentation\Help\Working\Output\Website\css\zh-TW.css
C:\Program Files (x86)\EWSoftware\Sandcastle Help File Builder\Components\Themed2026\icons\favicon.ico -&gt; C:\Users\eliot\source\repos\MediaTek86_Projet\MediaTek86_Projet\documentation\Help\Working\Output\Website\icons\favicon.ico
C:\Program Files (x86)\EWSoftware\Sandcastle Help File Builder\Components\Themed2026\scripts\clipboard.min.js -&gt; C:\Users\eliot\source\repos\MediaTek86_Projet\MediaTek86_Projet\documentation\Help\Working\Output\Website\scripts\clipboard.min.js
C:\Program Files (x86)\EWSoftware\Sandcastle Help File Builder\Components\Themed2026\scripts\highlight.min.js -&gt; C:\Users\eliot\source\repos\MediaTek86_Projet\MediaTek86_Projet\documentation\Help\Working\Output\Website\scripts\highlight.min.js
C:\Program Files (x86)\EWSoftware\Sandcastle Help File Builder\Components\Themed2026\scripts\jquery-3.7.1.min.js -&gt; C:\Users\eliot\source\repos\MediaTek86_Projet\MediaTek86_Projet\documentation\Help\Working\Output\Website\scripts\jquery-3.7.1.min.js
C:\Program Files (x86)\EWSoftware\Sandcastle Help File Builder\Components\Themed2026\scripts\lunr.de.js -&gt; C:\Users\eliot\source\repos\MediaTek86_Projet\MediaTek86_Projet\documentation\Help\Working\Output\Website\scripts\lunr.de.js
C:\Program Files (x86)\EWSoftware\Sandcastle Help File Builder\Components\Themed2026\scripts\lunr.es.js -&gt; C:\Users\eliot\source\repos\MediaTek86_Projet\MediaTek86_Projet\documentation\Help\Working\Output\Website\scripts\lunr.es.js
C:\Program Files (x86)\EWSoftware\Sandcastle Help File Builder\Components\Themed2026\scripts\lunr.fr.js -&gt; C:\Users\eliot\source\repos\MediaTek86_Projet\MediaTek86_Projet\documentation\Help\Working\Output\Website\scripts\lunr.fr.js
C:\Program Files (x86)\EWSoftware\Sandcastle Help File Builder\Components\Themed2026\scripts\lunr.it.js -&gt; C:\Users\eliot\source\repos\MediaTek86_Projet\MediaTek86_Projet\documentation\Help\Working\Output\Website\scripts\lunr.it.js
C:\Program Files (x86)\EWSoftware\Sandcastle Help File Builder\Components\Themed2026\scripts\lunr.ja.js -&gt; C:\Users\eliot\source\repos\MediaTek86_Projet\MediaTek86_Projet\documentation\Help\Working\Output\Website\scripts\lunr.ja.js
C:\Program Files (x86)\EWSoftware\Sandcastle Help File Builder\Components\Themed2026\scripts\lunr.js -&gt; C:\Users\eliot\source\repos\MediaTek86_Projet\MediaTek86_Projet\documentation\Help\Working\Output\Website\scripts\lunr.js
C:\Program Files (x86)\EWSoftware\Sandcastle Help File Builder\Components\Themed2026\scripts\lunr.ko.js -&gt; C:\Users\eliot\source\repos\MediaTek86_Projet\MediaTek86_Projet\documentation\Help\Working\Output\Website\scripts\lunr.ko.js
C:\Program Files (x86)\EWSoftware\Sandcastle Help File Builder\Components\Themed2026\scripts\lunr.min.js -&gt; C:\Users\eliot\source\repos\MediaTek86_Projet\MediaTek86_Projet\documentation\Help\Working\Output\Website\scripts\lunr.min.js
C:\Program Files (x86)\EWSoftware\Sandcastle Help File Builder\Components\Themed2026\scripts\lunr.multi.js -&gt; C:\Users\eliot\source\repos\MediaTek86_Projet\MediaTek86_Projet\documentation\Help\Working\Output\Website\scripts\lunr.multi.js
C:\Program Files (x86)\EWSoftware\Sandcastle Help File Builder\Components\Themed2026\scripts\lunr.pt.js -&gt; C:\Users\eliot\source\repos\MediaTek86_Projet\MediaTek86_Projet\documentation\Help\Working\Output\Website\scripts\lunr.pt.js
C:\Program Files (x86)\EWSoftware\Sandcastle Help File Builder\Components\Themed2026\scripts\lunr.ru.js -&gt; C:\Users\eliot\source\repos\MediaTek86_Projet\MediaTek86_Projet\documentation\Help\Working\Output\Website\scripts\lunr.ru.js
C:\Program Files (x86)\EWSoftware\Sandcastle Help File Builder\Components\Themed2026\scripts\lunr.stemmer.support.js -&gt; C:\Users\eliot\source\repos\MediaTek86_Projet\MediaTek86_Projet\documentation\Help\Working\Output\Website\scripts\lunr.stemmer.support.js
C:\Program Files (x86)\EWSoftware\Sandcastle Help File Builder\Components\Themed2026\scripts\lunr.zh.js -&gt; C:\Users\eliot\source\repos\MediaTek86_Projet\MediaTek86_Projet\documentation\Help\Working\Output\Website\scripts\lunr.zh.js
C:\Program Files (x86)\EWSoftware\Sandcastle Help File Builder\Components\Themed2026\scripts\presentationStyle.js -&gt; C:\Users\eliot\source\repos\MediaTek86_Projet\MediaTek86_Projet\documentation\Help\Working\Output\Website\scripts\presentationStyle.js
C:\Program Files (x86)\EWSoftware\Sandcastle Help File Builder\Components\Themed2026\scripts\themeSwitcher.js -&gt; C:\Users\eliot\source\repos\MediaTek86_Projet\MediaTek86_Projet\documentation\Help\Working\Output\Website\scripts\themeSwitcher.js
C:\Program Files (x86)\EWSoftware\Sandcastle Help File Builder\Components\Themed2026\scripts\tinyseg.js -&gt; C:\Users\eliot\source\repos\MediaTek86_Projet\MediaTek86_Projet\documentation\Help\Working\Output\Website\scripts\tinyseg.js
C:\Program Files (x86)\EWSoftware\Sandcastle Help File Builder\Components\Themed2026\webfonts\fa-brands-400.woff2 -&gt; C:\Users\eliot\source\repos\MediaTek86_Projet\MediaTek86_Projet\documentation\Help\Working\Output\Website\webfonts\fa-brands-400.woff2
C:\Program Files (x86)\EWSoftware\Sandcastle Help File Builder\Components\Themed2026\webfonts\fa-regular-400.woff2 -&gt; C:\Users\eliot\source\repos\MediaTek86_Projet\MediaTek86_Projet\documentation\Help\Working\Output\Website\webfonts\fa-regular-400.woff2
C:\Program Files (x86)\EWSoftware\Sandcastle Help File Builder\Components\Themed2026\webfonts\fa-solid-900.woff2 -&gt; C:\Users\eliot\source\repos\MediaTek86_Projet\MediaTek86_Projet\documentation\Help\Working\Output\Website\webfonts\fa-solid-900.woff2
C:\Program Files (x86)\EWSoftware\Sandcastle Help File Builder\Components\Themed2026\webfonts\fa-v4compatibility.woff2 -&gt; C:\Users\eliot\source\repos\MediaTek86_Projet\MediaTek86_Projet\documentation\Help\Working\Output\Website\webfonts\fa-v4compatibility.woff2
C:\Program Files (x86)\EWSoftware\Sandcastle Help File Builder\Components\Themed2026\RootWebsiteContent\index.html -&gt; C:\Users\eliot\source\repos\MediaTek86_Projet\MediaTek86_Projet\documentation\Help\Working\Output\Website\index.html
C:\Program Files (x86)\EWSoftware\Sandcastle Help File Builder\Components\Themed2026\RootWebsiteContent\search.html -&gt; C:\Users\eliot\source\repos\MediaTek86_Projet\MediaTek86_Projet\documentation\Help\Working\Output\Website\search.html
    Last step completed in 00:00:00.7390
</buildStep>
<buildStep step="GenerateFullTextIndex">
Generating full-text index for the website...

    Last step completed in 00:00:01.6824
</buildStep>
<buildStep step="CopyingWebsiteFiles">
Copying website files to output folder...

Copied 166 files for the website content
    Last step completed in 00:00:00.2340
</buildStep>
<buildStep step="CleanIntermediates">
Removing intermediate files...
    Last step completed in 00:00:00.0557
</buildStep>
<buildStep step="Completed">

Build completed successfully at 5/28/2026 7:18:16 PM.  Total time: 00:00:19.6221

</buildStep>
</shfbBuild>
